[1217/162851.172:INFO:CONSOLE(155)] "Event handler of 'x-storagemutated-1' event must be added on the initial evaluation of worker script.", source: https://static.whatsapp.net/rsrc.php/v4/yP/r/8VB3mveoAm8.js (155)
[1217/162851.343:INFO:CONSOLE(0)] "Error with Permissions-Policy header: Feature xr-spatial-tracking's parameters are ignored.", source:  (0)
[1217/162851.344:INFO:CONSOLE(0)] "Error with Permissions-Policy header: Origin trial controlled feature not enabled: 'attribution-reporting'.", source:  (0)
[1217/162851.344:INFO:CONSOLE(0)] "Error with Permissions-Policy header: Unrecognized feature: 'compute-pressure'.", source:  (0)
[1217/162851.348:INFO:CONSOLE(0)] "Error with Permissions-Policy header: Origin trial controlled feature not enabled: 'interest-cohort'.", source:  (0)
[1217/162851.348:INFO:CONSOLE(0)] "Error with Permissions-Policy header: Unrecognized feature: 'private-state-token-issuance'.", source:  (0)
[1217/162851.348:INFO:CONSOLE(0)] "Error with Permissions-Policy header: Origin trial controlled feature not enabled: 'shared-storage'.", source:  (0)
[1217/162851.348:INFO:CONSOLE(0)] "Error with Permissions-Policy header: Unrecognized feature: 'shared-storage-select-url'.", source:  (0)
[1217/162851.348:INFO:CONSOLE(0)] "Error with Permissions-Policy header: Unrecognized feature: 'private-state-token-redemption'.", source:  (0)
[1217/162851.348:INFO:CONSOLE(0)] "Error with Permissions-Policy header: Unrecognized feature: 'unload'.", source:  (0)
[1217/162851.348:INFO:CONSOLE(0)] "Error with Permissions-Policy header: Unrecognized feature: 'window-management'.", source:  (0)
[1217/162923.380:ERROR:entry_impl.cc(1072)] No file for 8000001a
[1217/162923.381:ERROR:entry_impl.cc(1072)] No file for 80000074
[1217/162923.397:ERROR:entry_impl.cc(1072)] No file for 80000019
[1217/162923.397:ERROR:entry_impl.cc(1072)] No file for 8000001b
[1217/162926.352:ERROR:entry_impl.cc(1072)] No file for 8000001e
[1217/162926.367:INFO:CONSOLE(1)] "Uncaught NetworkError: Failed to execute 'importScripts' on 'WorkerGlobalScope': The script at 'https://static.whatsapp.net/rsrc.php/v4/yt/r/Muh22v8LT6i.js' failed to load.", source: https://web.whatsapp.com/static_resources/webworker_v1/init_script/?__hs=20074.HYP%3Awhatsapp_comet_pkg.2.1.0.0.1&__spin_r=1018931777&__spin_b=trunk&__spin_t=1734463731 (1)
[1217/162927.566:ERROR:entry_impl.cc(1072)] No file for 80000020
[1217/162928.576:ERROR:entry_impl.cc(1072)] No file for 80000021
[1217/162928.612:ERROR:entry_impl.cc(1072)] No file for 80000022
[1217/162928.617:ERROR:entry_impl.cc(1072)] No file for 80000024
[1217/162928.625:ERROR:entry_impl.cc(1072)] No file for 80000023
[1217/162928.640:ERROR:entry_impl.cc(1072)] No file for 80000025
[1217/162928.642:ERROR:entry_impl.cc(1072)] No file for 80000026
[1217/162928.652:ERROR:entry_impl.cc(1072)] No file for 80000027
[1217/162928.654:ERROR:entry_impl.cc(1072)] No file for 80000028
[1217/162928.655:ERROR:entry_impl.cc(1072)] No file for 80000029
[1217/162928.656:ERROR:entry_impl.cc(1072)] No file for 8000002b
[1217/162928.656:ERROR:entry_impl.cc(1072)] No file for 8000002a
[1217/162928.657:ERROR:entry_impl.cc(1072)] No file for 8000002c
[1217/162928.658:ERROR:entry_impl.cc(1072)] No file for 8000002d
[1217/162928.659:ERROR:entry_impl.cc(1072)] No file for 8000002e
[1217/162928.660:ERROR:entry_impl.cc(1072)] No file for 8000002f
[1217/162928.661:ERROR:entry_impl.cc(1072)] No file for 80000030
[1217/162928.661:ERROR:entry_impl.cc(1072)] No file for 80000031
[1217/162928.664:ERROR:entry_impl.cc(1072)] No file for 80000032
[1217/162928.665:ERROR:entry_impl.cc(1072)] No file for 80000033
[1217/162928.666:ERROR:entry_impl.cc(1072)] No file for 80000034
[1217/162928.667:ERROR:entry_impl.cc(1072)] No file for 80000035
[1217/162928.669:ERROR:entry_impl.cc(1072)] No file for 80000038
[1217/162928.670:ERROR:entry_impl.cc(1072)] No file for 80000036
[1217/162928.670:ERROR:entry_impl.cc(1072)] No file for 80000037
[1217/162928.671:ERROR:entry_impl.cc(1072)] No file for 80000039
[1217/162928.673:ERROR:entry_impl.cc(1072)] No file for 8000003a
[1217/162928.674:ERROR:entry_impl.cc(1072)] No file for 8000003b
[1217/162928.677:ERROR:entry_impl.cc(1072)] No file for 8000003c
[1217/162928.680:ERROR:entry_impl.cc(1072)] No file for 8000003d
[1217/162928.696:ERROR:entry_impl.cc(1072)] No file for 8000003e
[1217/162928.698:ERROR:entry_impl.cc(1072)] No file for 8000003f
[1217/162928.700:ERROR:entry_impl.cc(1072)] No file for 80000040
[1217/162928.720:ERROR:entry_impl.cc(1072)] No file for 80000041
[1217/162928.751:ERROR:entry_impl.cc(1072)] No file for 80000042
[1217/162928.753:ERROR:entry_impl.cc(1072)] No file for 80000043
[1217/162928.758:ERROR:entry_impl.cc(1072)] No file for 80000044
[1217/162928.761:ERROR:entry_impl.cc(1072)] No file for 80000045
[1217/162928.764:ERROR:entry_impl.cc(1072)] No file for 80000046
[1217/162928.780:ERROR:entry_impl.cc(1072)] No file for 80000047
[1217/162928.782:ERROR:entry_impl.cc(1072)] No file for 80000048
[1217/162928.783:ERROR:entry_impl.cc(1072)] No file for 80000049
[1217/162928.785:ERROR:entry_impl.cc(1072)] No file for 8000004a
[1217/162928.788:ERROR:entry_impl.cc(1072)] No file for 8000004b
[1217/162928.790:ERROR:entry_impl.cc(1072)] No file for 8000004c
[1217/162928.793:ERROR:entry_impl.cc(1072)] No file for 8000004d
[1217/162928.795:ERROR:entry_impl.cc(1072)] No file for 8000004e
[1217/162928.797:ERROR:entry_impl.cc(1072)] No file for 8000004f
[1217/162928.807:ERROR:entry_impl.cc(1072)] No file for 80000050
[1217/162928.817:ERROR:entry_impl.cc(1072)] No file for 80000051
[1217/162928.821:ERROR:entry_impl.cc(1072)] No file for 80000052
[1217/162928.826:ERROR:entry_impl.cc(1072)] No file for 80000053
[1217/162928.837:ERROR:entry_impl.cc(1072)] No file for 80000054
[1217/162928.847:ERROR:entry_impl.cc(1072)] No file for 80000055
[1217/162928.857:ERROR:entry_impl.cc(1072)] No file for 80000057
[1217/162928.859:ERROR:entry_impl.cc(1072)] No file for 80000056
[1217/162936.352:ERROR:entry_impl.cc(1072)] No file for 80000061
[1217/162936.356:ERROR:entry_impl.cc(1072)] No file for 8000005c
[1217/162936.364:ERROR:entry_impl.cc(1072)] No file for 80000060
[1217/162936.415:ERROR:entry_impl.cc(1072)] No file for 8000005b
[1217/162937.752:ERROR:entry_impl.cc(1072)] No file for 8000005d
[1217/162937.753:ERROR:entry_impl.cc(1072)] No file for 8000005e
[1217/162937.765:ERROR:entry_impl.cc(1072)] No file for 8000005f
[1217/162940.797:INFO:CONSOLE(71)] "ErrorUtils caught an error:

Converting to a string will drop content data. Hash="undefined" Translation="{user_name} adicionou {names}" Content="{"key":null,"ref":null,"props":{"contact":{"id":"557991484757@c.us","type":"in","textStatusLastUpdateTime":-1,"syncToAddressbook":false},"showNotifyName":true,"elevatedPushNamesEnabled":true,"onClick":null}}" (type=object,Object)

Subsequent non-fatal errors won't be logged; see https://fburl.com/debugjs.", source: https://static.whatsapp.net/rsrc.php/v4/yE/r/TWv--ur-f8P.js (71)
[1217/162941.284:INFO:CONSOLE(71)] "ErrorUtils caught an error:

Requiring unknown module "WAWebForwardMessagesToChat"

Subsequent non-fatal errors won't be logged; see https://fburl.com/debugjs.", source: https://static.whatsapp.net/rsrc.php/v4/yE/r/TWv--ur-f8P.js (71)
[1217/162943.510:ERROR:entry_impl.cc(1072)] No file for 8000007a
[1217/162943.510:ERROR:entry_impl.cc(1072)] No file for 80000079
[1217/162943.763:ERROR:entry_impl.cc(1072)] No file for 8000007b
[1217/163052.444:INFO:CONSOLE(155)] "Event handler of 'x-storagemutated-1' event must be added on the initial evaluation of worker script.", source: https://static.whatsapp.net/rsrc.php/v4/yP/r/8VB3mveoAm8.js (155)
[1217/163140.374:INFO:CONSOLE(155)] "Event handler of 'x-storagemutated-1' event must be added on the initial evaluation of worker script.", source: https://static.whatsapp.net/rsrc.php/v4/yP/r/8VB3mveoAm8.js (155)
[1217/163426.885:INFO:CONSOLE(1270)] "Failed to parse video contentType: video/mp4; codecs=avc1.42000a", source: https://static.whatsapp.net/rsrc.php/v4iah44/yH/l/rt/jygo4PrfKAm.js (1270)
[1217/163426.886:INFO:CONSOLE(1270)] "Failed to parse video contentType: video/mp4; codecs=hev1.1.6.L93.B0", source: https://static.whatsapp.net/rsrc.php/v4iah44/yH/l/rt/jygo4PrfKAm.js (1270)
[1217/163654.531:INFO:CONSOLE(155)] "Event handler of 'x-storagemutated-1' event must be added on the initial evaluation of worker script.", source: https://static.whatsapp.net/rsrc.php/v4/yP/r/8VB3mveoAm8.js (155)
[1217/163930.824:INFO:CONSOLE(155)] "Event handler of 'x-storagemutated-1' event must be added on the initial evaluation of worker script.", source: https://static.whatsapp.net/rsrc.php/v4/yP/r/8VB3mveoAm8.js (155)
[1217/164506.941:INFO:CONSOLE(155)] "Event handler of 'x-storagemutated-1' event must be added on the initial evaluation of worker script.", source: https://static.whatsapp.net/rsrc.php/v4/yP/r/8VB3mveoAm8.js (155)
